\BOOKMARK [1][-]{section.1}{Introduction:\040Why\040I\040do\040this,\040by\040Kavin\040Yao}{}% 1
\BOOKMARK [2][-]{subsection.1.1}{Plan}{section.1}% 2
\BOOKMARK [1][-]{section.2}{Why\040I\040do\040this}{}% 3
\BOOKMARK [1][-]{section.3}{What\040is\040mapped\040\(and\040what\040is\040not\)}{}% 4
\BOOKMARK [1][-]{section.4}{comment}{}% 5
\BOOKMARK [2][-]{subsection.4.1}{XeLaTeX\040or\040LaTeX?}{section.4}% 6
\BOOKMARK [1][-]{section.5}{General\040policy}{}% 7
\BOOKMARK [1][-]{section.6}{naming\040conventions}{}% 8
\BOOKMARK [2][-]{subsection.6.1}{paths}{section.6}% 9
\BOOKMARK [2][-]{subsection.6.2}{keys}{section.6}% 10
\BOOKMARK [3][-]{subsubsection.6.2.1}{Y/N}{subsection.6.2}% 11
\BOOKMARK [2][-]{subsection.6.3}{files}{section.6}% 12
\BOOKMARK [3][-]{subsubsection.6.3.1}{md\040to\040*tex}{subsection.6.3}% 13
\BOOKMARK [3][-]{subsubsection.6.3.2}{log}{subsection.6.3}% 14
\BOOKMARK [3][-]{subsubsection.6.3.3}{script}{subsection.6.3}% 15
\BOOKMARK [1][-]{section.7}{The\040structure\040of\040a\040md2latex}{}% 16
\BOOKMARK [2][-]{subsection.7.1}{Root}{section.7}% 17
\BOOKMARK [3][-]{subsubsection.7.1.1}{$\173name\175.run.sh}{subsection.7.1}% 18
\BOOKMARK [3][-]{subsubsection.7.1.2}{$\173name\175.preferences.json}{subsection.7.1}% 19
\BOOKMARK [2][-]{subsection.7.2}{src}{section.7}% 20
\BOOKMARK [3][-]{subsubsection.7.2.1}{content/}{subsection.7.2}% 21
\BOOKMARK [3][-]{subsubsection.7.2.2}{\040documentclass}{subsection.7.2}% 22
\BOOKMARK [3][-]{subsubsection.7.2.3}{\040img}{subsection.7.2}% 23
\BOOKMARK [2][-]{subsection.7.3}{\040dst}{section.7}% 24
\BOOKMARK [1][-]{section.8}{Next}{}% 25
\BOOKMARK [1][-]{section.9}{The\040implementation}{}% 26
\BOOKMARK [2][-]{subsection.9.1}{The\040parser}{section.9}% 27
\BOOKMARK [3][-]{subsubsection.9.1.1}{Case\040HTML\040comments}{subsection.9.1}% 28
\BOOKMARK [2][-]{subsection.9.2}{The\040writer}{section.9}% 29
\BOOKMARK [2][-]{subsection.9.3}{Utilities}{section.9}% 30
\BOOKMARK [3][-]{subsubsection.9.3.1}{HTML\040Comments}{subsection.9.3}% 31
